<?xml version="1.0" encoding="UTF-8"?>
<coverage generated="1776237817169" clover="3.2.0">
  <project timestamp="1776237817169" name="All files">
    <metrics statements="276" coveredstatements="275" conditionals="80" coveredconditionals="77" methods="78" coveredmethods="78" elements="434" coveredelements="430" complexity="0" loc="276" ncloc="276" packages="2" files="15" classes="15"/>
    <package name="analyzer">
      <metrics statements="60" coveredstatements="60" conditionals="9" coveredconditionals="9" methods="20" coveredmethods="20"/>
      <file name="FileWalker.ts" path="/Users/giyoung/Desktop/code/woowacourse-java-quality/src/analyzer/FileWalker.ts">
        <metrics statements="15" coveredstatements="15" conditionals="7" coveredconditionals="7" methods="4" coveredmethods="4"/>
        <line num="1" count="1" type="stmt"/>
        <line num="2" count="1" type="stmt"/>
        <line num="4" count="1" type="stmt"/>
        <line num="5" count="5" type="stmt"/>
        <line num="6" count="5" type="cond" truecount="1" falsecount="0"/>
        <line num="7" count="2" type="cond" truecount="2" falsecount="0"/>
        <line num="9" count="3" type="stmt"/>
        <line num="13" count="4" type="stmt"/>
        <line num="14" count="5" type="stmt"/>
        <line num="18" count="5" type="stmt"/>
        <line num="19" count="5" type="cond" truecount="1" falsecount="0"/>
        <line num="20" count="1" type="stmt"/>
        <line num="22" count="4" type="cond" truecount="3" falsecount="0"/>
        <line num="23" count="2" type="stmt"/>
        <line num="25" count="2" type="stmt"/>
      </file>
      <file name="JavaFileAnalyzer.ts" path="/Users/giyoung/Desktop/code/woowacourse-java-quality/src/analyzer/JavaFileAnalyzer.ts">
        <metrics statements="23" coveredstatements="23" conditionals="1" coveredconditionals="1" methods="4" coveredmethods="4"/>
        <line num="1" count="1" type="stmt"/>
        <line num="4" count="1" type="stmt"/>
        <line num="5" count="1" type="stmt"/>
        <line num="6" count="1" type="stmt"/>
        <line num="7" count="1" type="stmt"/>
        <line num="8" count="1" type="stmt"/>
        <line num="9" count="1" type="stmt"/>
        <line num="10" count="1" type="stmt"/>
        <line num="11" count="1" type="stmt"/>
        <line num="12" count="1" type="stmt"/>
        <line num="13" count="1" type="stmt"/>
        <line num="14" count="1" type="stmt"/>
        <line num="16" count="1" type="stmt"/>
        <line num="29" count="1" type="stmt"/>
        <line num="30" count="3" type="stmt"/>
        <line num="31" count="3" type="stmt"/>
        <line num="32" count="30" type="stmt"/>
        <line num="33" count="3" type="stmt"/>
        <line num="37" count="3" type="stmt"/>
        <line num="38" count="3" type="stmt"/>
        <line num="39" count="22" type="cond" truecount="1" falsecount="0"/>
        <line num="40" count="4" type="stmt"/>
        <line num="42" count="18" type="stmt"/>
      </file>
      <file name="ReportGenerator.ts" path="/Users/giyoung/Desktop/code/woowacourse-java-quality/src/analyzer/ReportGenerator.ts">
        <metrics statements="22" coveredstatements="22" conditionals="1" coveredconditionals="1" methods="12" coveredmethods="12"/>
        <line num="3" count="1" type="stmt"/>
        <line num="11" count="1" type="stmt"/>
        <line num="12" count="6" type="stmt"/>
        <line num="13" count="6" type="stmt"/>
        <line num="14" count="6" type="stmt"/>
        <line num="15" count="6" type="stmt"/>
        <line num="16" count="6" type="stmt"/>
        <line num="17" count="6" type="stmt"/>
        <line num="21" count="6" type="stmt"/>
        <line num="30" count="6" type="stmt"/>
        <line num="42" count="6" type="stmt"/>
        <line num="46" count="6" type="stmt"/>
        <line num="47" count="6" type="cond" truecount="1" falsecount="0"/>
        <line num="48" count="4" type="stmt"/>
        <line num="50" count="2" type="stmt"/>
        <line num="51" count="2" type="stmt"/>
        <line num="55" count="2" type="stmt"/>
        <line num="56" count="2" type="stmt"/>
        <line num="58" count="2" type="stmt"/>
        <line num="68" count="30" type="stmt"/>
        <line num="69" count="6" type="stmt"/>
        <line num="73" count="2" type="stmt"/>
      </file>
    </package>
    <package name="analyzer.rules">
      <metrics statements="216" coveredstatements="215" conditionals="71" coveredconditionals="68" methods="58" coveredmethods="58"/>
      <file name="ArrayUsageRule.ts" path="/Users/giyoung/Desktop/code/woowacourse-java-quality/src/analyzer/rules/ArrayUsageRule.ts">
        <metrics statements="11" coveredstatements="11" conditionals="3" coveredconditionals="3" methods="5" coveredmethods="5"/>
        <line num="3" count="2" type="stmt"/>
        <line num="5" count="2" type="stmt"/>
        <line num="6" count="2" type="stmt"/>
        <line num="7" count="2" type="stmt"/>
        <line num="10" count="10" type="stmt"/>
        <line num="11" count="29" type="stmt"/>
        <line num="12" count="29" type="cond" truecount="3" falsecount="0"/>
        <line num="13" count="3" type="stmt"/>
        <line num="15" count="26" type="stmt"/>
        <line num="20" count="3" type="stmt"/>
        <line num="25" count="4" type="stmt"/>
      </file>
      <file name="DotsPerLineRule.ts" path="/Users/giyoung/Desktop/code/woowacourse-java-quality/src/analyzer/rules/DotsPerLineRule.ts">
        <metrics statements="16" coveredstatements="16" conditionals="4" coveredconditionals="4" methods="5" coveredmethods="5"/>
        <line num="3" count="1" type="stmt"/>
        <line num="5" count="1" type="stmt"/>
        <line num="6" count="1" type="stmt"/>
        <line num="7" count="1" type="stmt"/>
        <line num="10" count="7" type="stmt"/>
        <line num="11" count="7" type="cond" truecount="1" falsecount="0"/>
        <line num="12" count="1" type="stmt"/>
        <line num="14" count="6" type="stmt"/>
        <line num="15" count="6" type="stmt"/>
        <line num="16" count="6" type="cond" truecount="1" falsecount="0"/>
        <line num="17" count="1" type="stmt"/>
        <line num="19" count="5" type="stmt"/>
        <line num="24" count="1" type="stmt"/>
        <line num="29" count="6" type="stmt"/>
        <line num="30" count="6" type="cond" truecount="2" falsecount="0"/>
        <line num="31" count="6" type="stmt"/>
      </file>
      <file name="ElseKeywordRule.ts" path="/Users/giyoung/Desktop/code/woowacourse-java-quality/src/analyzer/rules/ElseKeywordRule.ts">
        <metrics statements="10" coveredstatements="10" conditionals="1" coveredconditionals="1" methods="4" coveredmethods="4"/>
        <line num="3" count="2" type="stmt"/>
        <line num="5" count="2" type="stmt"/>
        <line num="6" count="2" type="stmt"/>
        <line num="7" count="2" type="stmt"/>
        <line num="10" count="9" type="stmt"/>
        <line num="11" count="41" type="stmt"/>
        <line num="12" count="41" type="cond" truecount="1" falsecount="0"/>
        <line num="13" count="5" type="stmt"/>
        <line num="15" count="36" type="stmt"/>
        <line num="20" count="5" type="stmt"/>
      </file>
      <file name="GetterSetterRule.ts" path="/Users/giyoung/Desktop/code/woowacourse-java-quality/src/analyzer/rules/GetterSetterRule.ts">
        <metrics statements="10" coveredstatements="10" conditionals="1" coveredconditionals="1" methods="4" coveredmethods="4"/>
        <line num="3" count="2" type="stmt"/>
        <line num="5" count="2" type="stmt"/>
        <line num="6" count="2" type="stmt"/>
        <line num="7" count="2" type="stmt"/>
        <line num="10" count="9" type="stmt"/>
        <line num="11" count="30" type="stmt"/>
        <line num="12" count="30" type="cond" truecount="1" falsecount="0"/>
        <line num="13" count="2" type="stmt"/>
        <line num="15" count="28" type="stmt"/>
        <line num="20" count="2" type="stmt"/>
      </file>
      <file name="IndentDepthRule.ts" path="/Users/giyoung/Desktop/code/woowacourse-java-quality/src/analyzer/rules/IndentDepthRule.ts">
        <metrics statements="40" coveredstatements="40" conditionals="19" coveredconditionals="17" methods="8" coveredmethods="8"/>
        <line num="3" count="2" type="stmt"/>
        <line num="5" count="2" type="stmt"/>
        <line num="6" count="2" type="stmt"/>
        <line num="7" count="2" type="stmt"/>
        <line num="8" count="2" type="stmt"/>
        <line num="9" count="2" type="stmt"/>
        <line num="13" count="2" type="stmt"/>
        <line num="14" count="2" type="stmt"/>
        <line num="15" count="2" type="stmt"/>
        <line num="18" count="8" type="stmt"/>
        <line num="19" count="8" type="stmt"/>
        <line num="21" count="8" type="stmt"/>
        <line num="22" count="63" type="stmt"/>
        <line num="23" count="63" type="cond" truecount="2" falsecount="0"/>
        <line num="24" count="63" type="cond" truecount="2" falsecount="0"/>
        <line num="26" count="63" type="cond" truecount="2" falsecount="0"/>
        <line num="27" count="63" type="stmt"/>
        <line num="29" count="63" type="stmt"/>
        <line num="30" count="26" type="stmt"/>
        <line num="31" count="26" type="stmt"/>
        <line num="34" count="141" type="stmt"/>
        <line num="35" count="105" type="stmt"/>
        <line num="37" count="63" type="cond" truecount="4" falsecount="0"/>
        <line num="38" count="3" type="stmt"/>
        <line num="41" count="63" type="stmt"/>
        <line num="42" count="26" type="stmt"/>
        <line num="46" count="8" type="stmt"/>
        <line num="50" count="3" type="stmt"/>
        <line num="55" count="26" type="cond" truecount="1" falsecount="0"/>
        <line num="56" count="8" type="cond" truecount="1" falsecount="1"/>
        <line num="58" count="18" type="cond" truecount="1" falsecount="0"/>
        <line num="59" count="8" type="cond" truecount="1" falsecount="1"/>
        <line num="61" count="10" type="cond" truecount="1" falsecount="0"/>
        <line num="62" count="9" type="stmt"/>
        <line num="64" count="1" type="stmt"/>
        <line num="68" count="63" type="cond" truecount="1" falsecount="0"/>
        <line num="69" count="8" type="stmt"/>
        <line num="71" count="55" type="cond" truecount="1" falsecount="0"/>
        <line num="72" count="8" type="stmt"/>
        <line num="74" count="47" type="stmt"/>
      </file>
      <file name="InstanceVariablesRule.ts" path="/Users/giyoung/Desktop/code/woowacourse-java-quality/src/analyzer/rules/InstanceVariablesRule.ts">
        <metrics statements="27" coveredstatements="26" conditionals="12" coveredconditionals="11" methods="4" coveredmethods="4"/>
        <line num="4" count="2" type="stmt"/>
        <line num="5" count="2" type="stmt"/>
        <line num="6" count="2" type="stmt"/>
        <line num="7" count="2" type="stmt"/>
        <line num="16" count="2" type="stmt"/>
        <line num="17" count="2" type="stmt"/>
        <line num="18" count="2" type="stmt"/>
        <line num="21" count="9" type="stmt"/>
        <line num="22" count="9" type="stmt"/>
        <line num="24" count="9" type="stmt"/>
        <line num="25" count="57" type="stmt"/>
        <line num="26" count="57" type="cond" truecount="1" falsecount="0"/>
        <line num="27" count="11" type="stmt"/>
        <line num="30" count="57" type="cond" truecount="0" falsecount="1"/>
        <line num="31" count="0" type="stmt"/>
        <line num="34" count="57" type="stmt"/>
        <line num="35" count="57" type="cond" truecount="2" falsecount="0"/>
        <line num="36" count="57" type="cond" truecount="2" falsecount="0"/>
        <line num="38" count="57" type="cond" truecount="3" falsecount="0"/>
        <line num="39" count="57" type="cond" truecount="1" falsecount="0"/>
        <line num="40" count="19" type="stmt"/>
        <line num="43" count="57" type="cond" truecount="1" falsecount="0"/>
        <line num="44" count="11" type="cond" truecount="1" falsecount="0"/>
        <line num="45" count="4" type="stmt"/>
        <line num="47" count="11" type="stmt"/>
        <line num="51" count="9" type="stmt"/>
        <line num="55" count="4" type="stmt"/>
      </file>
      <file name="MethodLengthRule.ts" path="/Users/giyoung/Desktop/code/woowacourse-java-quality/src/analyzer/rules/MethodLengthRule.ts">
        <metrics statements="37" coveredstatements="37" conditionals="15" coveredconditionals="15" methods="5" coveredmethods="5"/>
        <line num="3" count="2" type="stmt"/>
        <line num="5" count="2" type="stmt"/>
        <line num="6" count="2" type="stmt"/>
        <line num="7" count="2" type="stmt"/>
        <line num="9" count="2" type="stmt"/>
        <line num="10" count="2" type="stmt"/>
        <line num="11" count="2" type="stmt"/>
        <line num="14" count="11" type="stmt"/>
        <line num="15" count="11" type="stmt"/>
        <line num="16" count="11" type="stmt"/>
        <line num="17" count="11" type="stmt"/>
        <line num="18" count="11" type="stmt"/>
        <line num="19" count="11" type="stmt"/>
        <line num="21" count="11" type="stmt"/>
        <line num="22" count="144" type="stmt"/>
        <line num="24" count="144" type="cond" truecount="4" falsecount="0"/>
        <line num="25" count="12" type="stmt"/>
        <line num="26" count="12" type="stmt"/>
        <line num="27" count="12" type="stmt"/>
        <line num="30" count="144" type="cond" truecount="3" falsecount="0"/>
        <line num="31" count="12" type="stmt"/>
        <line num="32" count="12" type="stmt"/>
        <line num="33" count="12" type="stmt"/>
        <line num="34" count="12" type="stmt"/>
        <line num="37" count="132" type="cond" truecount="1" falsecount="0"/>
        <line num="38" count="28" type="stmt"/>
        <line num="41" count="104" type="stmt"/>
        <line num="42" count="104" type="cond" truecount="1" falsecount="0"/>
        <line num="43" count="92" type="stmt"/>
        <line num="45" count="104" type="cond" truecount="1" falsecount="0"/>
        <line num="46" count="12" type="cond" truecount="1" falsecount="0"/>
        <line num="47" count="6" type="stmt"/>
        <line num="49" count="12" type="stmt"/>
        <line num="53" count="11" type="stmt"/>
        <line num="57" count="6" type="stmt"/>
        <line num="62" count="208" type="cond" truecount="2" falsecount="0"/>
        <line num="63" count="208" type="cond" truecount="2" falsecount="0"/>
      </file>
      <file name="PrimitiveWrappingRule.ts" path="/Users/giyoung/Desktop/code/woowacourse-java-quality/src/analyzer/rules/PrimitiveWrappingRule.ts">
        <metrics statements="10" coveredstatements="10" conditionals="3" coveredconditionals="3" methods="4" coveredmethods="4"/>
        <line num="4" count="2" type="stmt"/>
        <line num="5" count="2" type="stmt"/>
        <line num="9" count="2" type="stmt"/>
        <line num="10" count="2" type="stmt"/>
        <line num="11" count="2" type="stmt"/>
        <line num="14" count="10" type="stmt"/>
        <line num="15" count="46" type="cond" truecount="3" falsecount="0"/>
        <line num="16" count="4" type="stmt"/>
        <line num="18" count="42" type="stmt"/>
        <line num="23" count="4" type="stmt"/>
      </file>
      <file name="SwitchCaseRule.ts" path="/Users/giyoung/Desktop/code/woowacourse-java-quality/src/analyzer/rules/SwitchCaseRule.ts">
        <metrics statements="10" coveredstatements="10" conditionals="3" coveredconditionals="3" methods="4" coveredmethods="4"/>
        <line num="3" count="2" type="stmt"/>
        <line num="5" count="2" type="stmt"/>
        <line num="6" count="2" type="stmt"/>
        <line num="7" count="2" type="stmt"/>
        <line num="10" count="8" type="stmt"/>
        <line num="11" count="29" type="stmt"/>
        <line num="12" count="29" type="cond" truecount="3" falsecount="0"/>
        <line num="13" count="2" type="stmt"/>
        <line num="15" count="27" type="stmt"/>
        <line num="20" count="2" type="stmt"/>
      </file>
      <file name="TernaryOperatorRule.ts" path="/Users/giyoung/Desktop/code/woowacourse-java-quality/src/analyzer/rules/TernaryOperatorRule.ts">
        <metrics statements="11" coveredstatements="11" conditionals="3" coveredconditionals="3" methods="5" coveredmethods="5"/>
        <line num="3" count="2" type="stmt"/>
        <line num="5" count="2" type="stmt"/>
        <line num="6" count="2" type="stmt"/>
        <line num="7" count="2" type="stmt"/>
        <line num="10" count="11" type="stmt"/>
        <line num="11" count="31" type="stmt"/>
        <line num="12" count="31" type="cond" truecount="1" falsecount="0"/>
        <line num="13" count="1" type="stmt"/>
        <line num="15" count="30" type="stmt"/>
        <line num="20" count="31" type="cond" truecount="2" falsecount="0"/>
        <line num="24" count="1" type="stmt"/>
      </file>
      <file name="UiSeparationRule.ts" path="/Users/giyoung/Desktop/code/woowacourse-java-quality/src/analyzer/rules/UiSeparationRule.ts">
        <metrics statements="14" coveredstatements="14" conditionals="2" coveredconditionals="2" methods="4" coveredmethods="4"/>
        <line num="3" count="2" type="stmt"/>
        <line num="4" count="2" type="stmt"/>
        <line num="6" count="2" type="stmt"/>
        <line num="8" count="2" type="stmt"/>
        <line num="9" count="2" type="stmt"/>
        <line num="10" count="2" type="stmt"/>
        <line num="13" count="10" type="cond" truecount="1" falsecount="0"/>
        <line num="14" count="3" type="stmt"/>
        <line num="16" count="7" type="stmt"/>
        <line num="17" count="26" type="stmt"/>
        <line num="18" count="26" type="cond" truecount="1" falsecount="0"/>
        <line num="19" count="2" type="stmt"/>
        <line num="21" count="24" type="stmt"/>
        <line num="26" count="2" type="stmt"/>
      </file>
      <file name="lineUtils.ts" path="/Users/giyoung/Desktop/code/woowacourse-java-quality/src/analyzer/rules/lineUtils.ts">
        <metrics statements="20" coveredstatements="20" conditionals="5" coveredconditionals="5" methods="6" coveredmethods="6"/>
        <line num="5" count="10" type="stmt"/>
        <line num="6" count="399" type="stmt"/>
        <line num="10" count="399" type="stmt"/>
        <line num="11" count="399" type="cond" truecount="1" falsecount="0"/>
        <line num="12" count="392" type="stmt"/>
        <line num="14" count="7" type="stmt"/>
        <line num="18" count="399" type="stmt"/>
        <line num="22" count="399" type="stmt"/>
        <line num="28" count="10" type="stmt"/>
        <line num="29" count="3" type="stmt"/>
        <line num="32" count="22" type="stmt"/>
        <line num="33" count="22" type="cond" truecount="1" falsecount="0"/>
        <line num="34" count="3" type="cond" truecount="1" falsecount="0"/>
        <line num="35" count="1" type="stmt"/>
        <line num="37" count="3" type="stmt"/>
        <line num="39" count="19" type="cond" truecount="1" falsecount="0"/>
        <line num="40" count="1" type="cond" truecount="1" falsecount="0"/>
        <line num="41" count="1" type="stmt"/>
        <line num="43" count="1" type="stmt"/>
        <line num="45" count="18" type="stmt"/>
      </file>
    </package>
  </project>
</coverage>
