{"/Users/giyoung/Desktop/code/woowacourse-java-quality/src/analyzer/FileWalker.ts": {"path":"/Users/giyoung/Desktop/code/woowacourse-java-quality/src/analyzer/FileWalker.ts","statementMap":{"0":{"start":{"line":4,"column":0},"end":{"line":4,"column":16}},"1":{"start":{"line":1,"column":0},"end":{"line":1,"column":25}},"2":{"start":{"line":2,"column":0},"end":{"line":2,"column":29}},"3":{"start":{"line":5,"column":15},"end":{"line":5,"column":38}},"4":{"start":{"line":6,"column":2},"end":{"line":8,"column":3}},"5":{"start":{"line":7,"column":4},"end":{"line":7,"column":60}},"6":{"start":{"line":9,"column":2},"end":{"line":9,"column":35}},"7":{"start":{"line":13,"column":18},"end":{"line":13,"column":68}},"8":{"start":{"line":14,"column":2},"end":{"line":14,"column":66}},"9":{"start":{"line":14,"column":34},"end":{"line":14,"column":64}},"10":{"start":{"line":18,"column":19},"end":{"line":18,"column":51}},"11":{"start":{"line":19,"column":2},"end":{"line":21,"column":3}},"12":{"start":{"line":20,"column":4},"end":{"line":20,"column":35}},"13":{"start":{"line":22,"column":2},"end":{"line":24,"column":3}},"14":{"start":{"line":23,"column":4},"end":{"line":23,"column":22}},"15":{"start":{"line":25,"column":2},"end":{"line":25,"column":12}}},"fnMap":{"0":{"name":"collectJavaFiles","decl":{"start":{"line":4,"column":16},"end":{"line":4,"column":32}},"loc":{"start":{"line":4,"column":51},"end":{"line":10,"column":1}}},"1":{"name":"walkDirectory","decl":{"start":{"line":12,"column":9},"end":{"line":12,"column":22}},"loc":{"start":{"line":12,"column":40},"end":{"line":15,"column":1}}},"2":{"name":"(anonymous_11)","decl":{"start":{"line":14,"column":25},"end":{"line":14,"column":30}},"loc":{"start":{"line":14,"column":34},"end":{"line":14,"column":64}}},"3":{"name":"resolveEntry","decl":{"start":{"line":17,"column":9},"end":{"line":17,"column":21}},"loc":{"start":{"line":17,"column":57},"end":{"line":26,"column":1}}}},"branchMap":{"0":{"loc":{"start":{"line":6,"column":2},"end":{"line":8,"column":3}},"type":"if","locations":[{"start":{"line":6,"column":2},"end":{"line":8,"column":3}}]},"1":{"loc":{"start":{"line":7,"column":11},"end":{"line":7,"column":59}},"type":"cond-expr","locations":[{"start":{"line":7,"column":42},"end":{"line":7,"column":54}},{"start":{"line":7,"column":57},"end":{"line":7,"column":59}}]},"2":{"loc":{"start":{"line":19,"column":2},"end":{"line":21,"column":3}},"type":"if","locations":[{"start":{"line":19,"column":2},"end":{"line":21,"column":3}}]},"3":{"loc":{"start":{"line":22,"column":2},"end":{"line":24,"column":3}},"type":"if","locations":[{"start":{"line":22,"column":2},"end":{"line":24,"column":3}}]},"4":{"loc":{"start":{"line":22,"column":6},"end":{"line":22,"column":52}},"type":"binary-expr","locations":[{"start":{"line":22,"column":6},"end":{"line":22,"column":20}},{"start":{"line":22,"column":24},"end":{"line":22,"column":52}}]}},"s":{"0":1,"1":1,"2":1,"3":5,"4":5,"5":2,"6":3,"7":4,"8":4,"9":5,"10":5,"11":5,"12":1,"13":4,"14":2,"15":2},"f":{"0":5,"1":4,"2":5,"3":5},"b":{"0":[2],"1":[1,1],"2":[1],"3":[2],"4":[4,4]}}
,"/Users/giyoung/Desktop/code/woowacourse-java-quality/src/analyzer/JavaFileAnalyzer.ts": {"path":"/Users/giyoung/Desktop/code/woowacourse-java-quality/src/analyzer/JavaFileAnalyzer.ts","statementMap":{"0":{"start":{"line":29,"column":0},"end":{"line":29,"column":16}},"1":{"start":{"line":1,"column":0},"end":{"line":1,"column":25}},"2":{"start":{"line":4,"column":0},"end":{"line":4,"column":56}},"3":{"start":{"line":5,"column":0},"end":{"line":5,"column":58}},"4":{"start":{"line":6,"column":0},"end":{"line":6,"column":66}},"5":{"start":{"line":7,"column":0},"end":{"line":7,"column":56}},"6":{"start":{"line":8,"column":0},"end":{"line":8,"column":60}},"7":{"start":{"line":9,"column":0},"end":{"line":9,"column":58}},"8":{"start":{"line":10,"column":0},"end":{"line":10,"column":56}},"9":{"start":{"line":11,"column":0},"end":{"line":11,"column":60}},"10":{"start":{"line":12,"column":0},"end":{"line":12,"column":70}},"11":{"start":{"line":13,"column":0},"end":{"line":13,"column":60}},"12":{"start":{"line":14,"column":0},"end":{"line":14,"column":70}},"13":{"start":{"line":16,"column":26},"end":{"line":27,"column":2}},"14":{"start":{"line":30,"column":19},"end":{"line":30,"column":65}},"15":{"start":{"line":31,"column":16},"end":{"line":31,"column":45}},"16":{"start":{"line":32,"column":21},"end":{"line":32,"column":75}},"17":{"start":{"line":32,"column":47},"end":{"line":32,"column":74}},"18":{"start":{"line":33,"column":2},"end":{"line":33,"column":34}},"19":{"start":{"line":37,"column":18},"end":{"line":37,"column":43}},"20":{"start":{"line":38,"column":2},"end":{"line":43,"column":5}},"21":{"start":{"line":39,"column":4},"end":{"line":41,"column":5}},"22":{"start":{"line":40,"column":6},"end":{"line":40,"column":16}},"23":{"start":{"line":42,"column":4},"end":{"line":42,"column":16}}},"fnMap":{"0":{"name":"analyzeFile","decl":{"start":{"line":29,"column":16},"end":{"line":29,"column":27}},"loc":{"start":{"line":29,"column":44},"end":{"line":34,"column":1}}},"1":{"name":"(anonymous_10)","decl":{"start":{"line":32,"column":39},"end":{"line":32,"column":43}},"loc":{"start":{"line":32,"column":47},"end":{"line":32,"column":74}}},"2":{"name":"filterBlockComments","decl":{"start":{"line":36,"column":9},"end":{"line":36,"column":28}},"loc":{"start":{"line":36,"column":44},"end":{"line":44,"column":1}}},"3":{"name":"(anonymous_12)","decl":{"start":{"line":38,"column":19},"end":{"line":38,"column":23}},"loc":{"start":{"line":38,"column":26},"end":{"line":43,"column":3}}}},"branchMap":{"0":{"loc":{"start":{"line":39,"column":4},"end":{"line":41,"column":5}},"type":"if","locations":[{"start":{"line":39,"column":4},"end":{"line":41,"column":5}}]}},"s":{"0":1,"1":1,"2":1,"3":1,"4":1,"5":1,"6":1,"7":1,"8":1,"9":1,"10":1,"11":1,"12":1,"13":1,"14":3,"15":3,"16":3,"17":30,"18":3,"19":3,"20":3,"21":22,"22":4,"23":18},"f":{"0":3,"1":30,"2":3,"3":22},"b":{"0":[4]}}
,"/Users/giyoung/Desktop/code/woowacourse-java-quality/src/analyzer/ReportGenerator.ts": {"path":"/Users/giyoung/Desktop/code/woowacourse-java-quality/src/analyzer/ReportGenerator.ts","statementMap":{"0":{"start":{"line":11,"column":0},"end":{"line":11,"column":16}},"1":{"start":{"line":3,"column":27},"end":{"line":9,"column":2}},"2":{"start":{"line":12,"column":29},"end":{"line":12,"column":31}},"3":{"start":{"line":13,"column":2},"end":{"line":13,"column":37}},"4":{"start":{"line":14,"column":2},"end":{"line":14,"column":38}},"5":{"start":{"line":15,"column":2},"end":{"line":15,"column":52}},"6":{"start":{"line":16,"column":2},"end":{"line":16,"column":43}},"7":{"start":{"line":17,"column":2},"end":{"line":17,"column":31}},"8":{"start":{"line":21,"column":2},"end":{"line":26,"column":15}},"9":{"start":{"line":30,"column":2},"end":{"line":38,"column":15}},"10":{"start":{"line":42,"column":2},"end":{"line":42,"column":61}},"11":{"start":{"line":42,"column":29},"end":{"line":42,"column":52}},"12":{"start":{"line":46,"column":19},"end":{"line":46,"column":63}},"13":{"start":{"line":46,"column":39},"end":{"line":46,"column":62}},"14":{"start":{"line":47,"column":2},"end":{"line":49,"column":3}},"15":{"start":{"line":48,"column":4},"end":{"line":48,"column":53}},"16":{"start":{"line":50,"column":21},"end":{"line":50,"column":62}},"17":{"start":{"line":51,"column":2},"end":{"line":51,"column":37}},"18":{"start":{"line":55,"column":15},"end":{"line":57,"column":15}},"19":{"start":{"line":56,"column":14},"end":{"line":56,"column":80}},"20":{"start":{"line":58,"column":2},"end":{"line":64,"column":15}},"21":{"start":{"line":68,"column":16},"end":{"line":68,"column":64}},"22":{"start":{"line":68,"column":44},"end":{"line":68,"column":52}},"23":{"start":{"line":69,"column":2},"end":{"line":69,"column":47}},"24":{"start":{"line":73,"column":2},"end":{"line":73,"column":55}}},"fnMap":{"0":{"name":"generateMarkdownReport","decl":{"start":{"line":11,"column":16},"end":{"line":11,"column":38}},"loc":{"start":{"line":11,"column":61},"end":{"line":18,"column":1}}},"1":{"name":"buildHeader","decl":{"start":{"line":20,"column":9},"end":{"line":20,"column":20}},"loc":{"start":{"line":20,"column":43},"end":{"line":27,"column":1}}},"2":{"name":"buildSummary","decl":{"start":{"line":29,"column":9},"end":{"line":29,"column":21}},"loc":{"start":{"line":29,"column":44},"end":{"line":39,"column":1}}},"3":{"name":"countViolatedFiles","decl":{"start":{"line":41,"column":9},"end":{"line":41,"column":27}},"loc":{"start":{"line":41,"column":57},"end":{"line":43,"column":1}}},"4":{"name":"(anonymous_4)","decl":{"start":{"line":42,"column":24},"end":{"line":42,"column":25}},"loc":{"start":{"line":42,"column":29},"end":{"line":42,"column":52}}},"5":{"name":"buildViolationList","decl":{"start":{"line":45,"column":9},"end":{"line":45,"column":27}},"loc":{"start":{"line":45,"column":57},"end":{"line":52,"column":1}}},"6":{"name":"(anonymous_6)","decl":{"start":{"line":46,"column":34},"end":{"line":46,"column":35}},"loc":{"start":{"line":46,"column":39},"end":{"line":46,"column":62}}},"7":{"name":"buildFileBlock","decl":{"start":{"line":54,"column":9},"end":{"line":54,"column":23}},"loc":{"start":{"line":54,"column":50},"end":{"line":65,"column":1}}},"8":{"name":"(anonymous_8)","decl":{"start":{"line":56,"column":9},"end":{"line":56,"column":10}},"loc":{"start":{"line":56,"column":14},"end":{"line":56,"column":80}}},"9":{"name":"buildManualCheckSection","decl":{"start":{"line":67,"column":9},"end":{"line":67,"column":32}},"loc":{"start":{"line":67,"column":32},"end":{"line":70,"column":1}}},"10":{"name":"(anonymous_10)","decl":{"start":{"line":68,"column":39},"end":{"line":68,"column":40}},"loc":{"start":{"line":68,"column":44},"end":{"line":68,"column":52}}},"11":{"name":"escapeMarkdown","decl":{"start":{"line":72,"column":9},"end":{"line":72,"column":23}},"loc":{"start":{"line":72,"column":36},"end":{"line":74,"column":1}}}},"branchMap":{"0":{"loc":{"start":{"line":47,"column":2},"end":{"line":49,"column":3}},"type":"if","locations":[{"start":{"line":47,"column":2},"end":{"line":49,"column":3}}]}},"s":{"0":1,"1":1,"2":6,"3":6,"4":6,"5":6,"6":6,"7":6,"8":6,"9":6,"10":6,"11":3,"12":6,"13":3,"14":6,"15":4,"16":2,"17":2,"18":2,"19":2,"20":2,"21":6,"22":30,"23":6,"24":2},"f":{"0":6,"1":6,"2":6,"3":6,"4":3,"5":6,"6":3,"7":2,"8":2,"9":6,"10":30,"11":2},"b":{"0":[4]}}
,"/Users/giyoung/Desktop/code/woowacourse-java-quality/src/analyzer/rules/ArrayUsageRule.ts": {"path":"/Users/giyoung/Desktop/code/woowacourse-java-quality/src/analyzer/rules/ArrayUsageRule.ts","statementMap":{"0":{"start":{"line":3,"column":0},"end":{"line":3,"column":54}},"1":{"start":{"line":6,"column":11},"end":{"line":6,"column":34}},"2":{"start":{"line":7,"column":11},"end":{"line":7,"column":42}},"3":{"start":{"line":10,"column":4},"end":{"line":16,"column":7}},"4":{"start":{"line":11,"column":23},"end":{"line":11,"column":52}},"5":{"start":{"line":12,"column":6},"end":{"line":14,"column":7}},"6":{"start":{"line":13,"column":8},"end":{"line":13,"column":68}},"7":{"start":{"line":15,"column":6},"end":{"line":15,"column":16}},"8":{"start":{"line":20,"column":4},"end":{"line":20,"column":81}},"9":{"start":{"line":5,"column":0},"end":{"line":5,"column":13}},"10":{"start":{"line":25,"column":2},"end":{"line":25,"column":78}}},"fnMap":{"0":{"name":"(anonymous_0)","decl":{"start":{"line":5,"column":0},"end":{"line":5,"column":13}},"loc":{"start":{"line":5,"column":0},"end":{"line":22,"column":1}}},"1":{"name":"(anonymous_1)","decl":{"start":{"line":9,"column":2},"end":{"line":9,"column":7}},"loc":{"start":{"line":9,"column":41},"end":{"line":17,"column":3}}},"2":{"name":"(anonymous_2)","decl":{"start":{"line":10,"column":25},"end":{"line":10,"column":26}},"loc":{"start":{"line":10,"column":41},"end":{"line":16,"column":5}}},"3":{"name":"(anonymous_3)","decl":{"start":{"line":19,"column":10},"end":{"line":19,"column":21}},"loc":{"start":{"line":19,"column":65},"end":{"line":21,"column":3}}},"4":{"name":"isMainMethodSignature","decl":{"start":{"line":24,"column":9},"end":{"line":24,"column":30}},"loc":{"start":{"line":24,"column":43},"end":{"line":26,"column":1}}}},"branchMap":{"0":{"loc":{"start":{"line":12,"column":6},"end":{"line":14,"column":7}},"type":"if","locations":[{"start":{"line":12,"column":6},"end":{"line":14,"column":7}}]},"1":{"loc":{"start":{"line":12,"column":10},"end":{"line":12,"column":76}},"type":"binary-expr","locations":[{"start":{"line":12,"column":10},"end":{"line":12,"column":40}},{"start":{"line":12,"column":44},"end":{"line":12,"column":76}}]}},"s":{"0":2,"1":2,"2":2,"3":10,"4":29,"5":29,"6":3,"7":26,"8":3,"9":2,"10":4},"f":{"0":2,"1":10,"2":29,"3":3,"4":4},"b":{"0":[3],"1":[29,4]}}
,"/Users/giyoung/Desktop/code/woowacourse-java-quality/src/analyzer/rules/DotsPerLineRule.ts": {"path":"/Users/giyoung/Desktop/code/woowacourse-java-quality/src/analyzer/rules/DotsPerLineRule.ts","statementMap":{"0":{"start":{"line":3,"column":0},"end":{"line":3,"column":54}},"1":{"start":{"line":6,"column":11},"end":{"line":6,"column":36}},"2":{"start":{"line":7,"column":11},"end":{"line":7,"column":41}},"3":{"start":{"line":10,"column":4},"end":{"line":20,"column":7}},"4":{"start":{"line":11,"column":6},"end":{"line":13,"column":7}},"5":{"start":{"line":12,"column":8},"end":{"line":12,"column":18}},"6":{"start":{"line":14,"column":23},"end":{"line":14,"column":52}},"7":{"start":{"line":15,"column":23},"end":{"line":15,"column":53}},"8":{"start":{"line":16,"column":6},"end":{"line":18,"column":7}},"9":{"start":{"line":17,"column":8},"end":{"line":17,"column":68}},"10":{"start":{"line":19,"column":6},"end":{"line":19,"column":16}},"11":{"start":{"line":24,"column":4},"end":{"line":24,"column":81}},"12":{"start":{"line":5,"column":0},"end":{"line":5,"column":13}},"13":{"start":{"line":29,"column":31},"end":{"line":29,"column":61}},"14":{"start":{"line":30,"column":15},"end":{"line":30,"column":76}},"15":{"start":{"line":31,"column":2},"end":{"line":31,"column":21}}},"fnMap":{"0":{"name":"(anonymous_0)","decl":{"start":{"line":5,"column":0},"end":{"line":5,"column":13}},"loc":{"start":{"line":5,"column":0},"end":{"line":26,"column":1}}},"1":{"name":"(anonymous_1)","decl":{"start":{"line":9,"column":2},"end":{"line":9,"column":7}},"loc":{"start":{"line":9,"column":41},"end":{"line":21,"column":3}}},"2":{"name":"(anonymous_2)","decl":{"start":{"line":10,"column":25},"end":{"line":10,"column":26}},"loc":{"start":{"line":10,"column":41},"end":{"line":20,"column":5}}},"3":{"name":"(anonymous_3)","decl":{"start":{"line":23,"column":10},"end":{"line":23,"column":21}},"loc":{"start":{"line":23,"column":65},"end":{"line":25,"column":3}}},"4":{"name":"countMethodChainDots","decl":{"start":{"line":28,"column":9},"end":{"line":28,"column":29}},"loc":{"start":{"line":28,"column":42},"end":{"line":32,"column":1}}}},"branchMap":{"0":{"loc":{"start":{"line":11,"column":6},"end":{"line":13,"column":7}},"type":"if","locations":[{"start":{"line":11,"column":6},"end":{"line":13,"column":7}}]},"1":{"loc":{"start":{"line":16,"column":6},"end":{"line":18,"column":7}},"type":"if","locations":[{"start":{"line":16,"column":6},"end":{"line":18,"column":7}}]},"2":{"loc":{"start":{"line":30,"column":15},"end":{"line":30,"column":76}},"type":"binary-expr","locations":[{"start":{"line":30,"column":15},"end":{"line":30,"column":70}},{"start":{"line":30,"column":74},"end":{"line":30,"column":76}}]}},"s":{"0":1,"1":1,"2":1,"3":7,"4":7,"5":1,"6":6,"7":6,"8":6,"9":1,"10":5,"11":1,"12":1,"13":6,"14":6,"15":6},"f":{"0":1,"1":7,"2":7,"3":1,"4":6},"b":{"0":[1],"1":[1],"2":[6,4]}}
,"/Users/giyoung/Desktop/code/woowacourse-java-quality/src/analyzer/rules/ElseKeywordRule.ts": {"path":"/Users/giyoung/Desktop/code/woowacourse-java-quality/src/analyzer/rules/ElseKeywordRule.ts","statementMap":{"0":{"start":{"line":3,"column":0},"end":{"line":3,"column":54}},"1":{"start":{"line":6,"column":11},"end":{"line":6,"column":35}},"2":{"start":{"line":7,"column":11},"end":{"line":7,"column":39}},"3":{"start":{"line":10,"column":4},"end":{"line":16,"column":7}},"4":{"start":{"line":11,"column":23},"end":{"line":11,"column":52}},"5":{"start":{"line":12,"column":6},"end":{"line":14,"column":7}},"6":{"start":{"line":13,"column":8},"end":{"line":13,"column":68}},"7":{"start":{"line":15,"column":6},"end":{"line":15,"column":16}},"8":{"start":{"line":20,"column":4},"end":{"line":20,"column":81}},"9":{"start":{"line":5,"column":0},"end":{"line":5,"column":13}}},"fnMap":{"0":{"name":"(anonymous_0)","decl":{"start":{"line":5,"column":0},"end":{"line":5,"column":13}},"loc":{"start":{"line":5,"column":0},"end":{"line":22,"column":1}}},"1":{"name":"(anonymous_1)","decl":{"start":{"line":9,"column":2},"end":{"line":9,"column":7}},"loc":{"start":{"line":9,"column":41},"end":{"line":17,"column":3}}},"2":{"name":"(anonymous_2)","decl":{"start":{"line":10,"column":25},"end":{"line":10,"column":26}},"loc":{"start":{"line":10,"column":41},"end":{"line":16,"column":5}}},"3":{"name":"(anonymous_3)","decl":{"start":{"line":19,"column":10},"end":{"line":19,"column":21}},"loc":{"start":{"line":19,"column":65},"end":{"line":21,"column":3}}}},"branchMap":{"0":{"loc":{"start":{"line":12,"column":6},"end":{"line":14,"column":7}},"type":"if","locations":[{"start":{"line":12,"column":6},"end":{"line":14,"column":7}}]}},"s":{"0":2,"1":2,"2":2,"3":9,"4":41,"5":41,"6":5,"7":36,"8":5,"9":2},"f":{"0":2,"1":9,"2":41,"3":5},"b":{"0":[5]}}
,"/Users/giyoung/Desktop/code/woowacourse-java-quality/src/analyzer/rules/GetterSetterRule.ts": {"path":"/Users/giyoung/Desktop/code/woowacourse-java-quality/src/analyzer/rules/GetterSetterRule.ts","statementMap":{"0":{"start":{"line":3,"column":0},"end":{"line":3,"column":54}},"1":{"start":{"line":6,"column":11},"end":{"line":6,"column":29}},"2":{"start":{"line":7,"column":11},"end":{"line":7,"column":37}},"3":{"start":{"line":10,"column":4},"end":{"line":16,"column":7}},"4":{"start":{"line":11,"column":23},"end":{"line":11,"column":52}},"5":{"start":{"line":12,"column":6},"end":{"line":14,"column":7}},"6":{"start":{"line":13,"column":8},"end":{"line":13,"column":68}},"7":{"start":{"line":15,"column":6},"end":{"line":15,"column":16}},"8":{"start":{"line":20,"column":4},"end":{"line":20,"column":81}},"9":{"start":{"line":5,"column":0},"end":{"line":5,"column":13}}},"fnMap":{"0":{"name":"(anonymous_0)","decl":{"start":{"line":5,"column":0},"end":{"line":5,"column":13}},"loc":{"start":{"line":5,"column":0},"end":{"line":22,"column":1}}},"1":{"name":"(anonymous_1)","decl":{"start":{"line":9,"column":2},"end":{"line":9,"column":7}},"loc":{"start":{"line":9,"column":41},"end":{"line":17,"column":3}}},"2":{"name":"(anonymous_2)","decl":{"start":{"line":10,"column":25},"end":{"line":10,"column":26}},"loc":{"start":{"line":10,"column":41},"end":{"line":16,"column":5}}},"3":{"name":"(anonymous_3)","decl":{"start":{"line":19,"column":10},"end":{"line":19,"column":21}},"loc":{"start":{"line":19,"column":65},"end":{"line":21,"column":3}}}},"branchMap":{"0":{"loc":{"start":{"line":12,"column":6},"end":{"line":14,"column":7}},"type":"if","locations":[{"start":{"line":12,"column":6},"end":{"line":14,"column":7}}]}},"s":{"0":2,"1":2,"2":2,"3":9,"4":30,"5":30,"6":2,"7":28,"8":2,"9":2},"f":{"0":2,"1":9,"2":30,"3":2},"b":{"0":[2]}}
,"/Users/giyoung/Desktop/code/woowacourse-java-quality/src/analyzer/rules/IndentDepthRule.ts": {"path":"/Users/giyoung/Desktop/code/woowacourse-java-quality/src/analyzer/rules/IndentDepthRule.ts","statementMap":{"0":{"start":{"line":3,"column":0},"end":{"line":3,"column":54}},"1":{"start":{"line":5,"column":26},"end":{"line":5,"column":27}},"2":{"start":{"line":6,"column":21},"end":{"line":6,"column":44}},"3":{"start":{"line":7,"column":28},"end":{"line":7,"column":52}},"4":{"start":{"line":8,"column":19},"end":{"line":8,"column":47}},"5":{"start":{"line":9,"column":20},"end":{"line":9,"column":85}},"6":{"start":{"line":14,"column":11},"end":{"line":14,"column":35}},"7":{"start":{"line":15,"column":11},"end":{"line":15,"column":62}},"8":{"start":{"line":18,"column":36},"end":{"line":18,"column":38}},"9":{"start":{"line":19,"column":36},"end":{"line":19,"column":38}},"10":{"start":{"line":21,"column":4},"end":{"line":44,"column":7}},"11":{"start":{"line":22,"column":23},"end":{"line":22,"column":52}},"12":{"start":{"line":23,"column":20},"end":{"line":23,"column":56}},"13":{"start":{"line":24,"column":21},"end":{"line":24,"column":57}},"14":{"start":{"line":26,"column":31},"end":{"line":26,"column":81}},"15":{"start":{"line":27,"column":27},"end":{"line":27,"column":53}},"16":{"start":{"line":29,"column":6},"end":{"line":32,"column":7}},"17":{"start":{"line":29,"column":19},"end":{"line":29,"column":20}},"18":{"start":{"line":30,"column":26},"end":{"line":30,"column":77}},"19":{"start":{"line":31,"column":8},"end":{"line":31,"column":35}},"20":{"start":{"line":34,"column":27},"end":{"line":34,"column":73}},"21":{"start":{"line":34,"column":50},"end":{"line":34,"column":65}},"22":{"start":{"line":35,"column":27},"end":{"line":35,"column":63}},"23":{"start":{"line":35,"column":48},"end":{"line":35,"column":62}},"24":{"start":{"line":37,"column":6},"end":{"line":39,"column":7}},"25":{"start":{"line":38,"column":8},"end":{"line":38,"column":76}},"26":{"start":{"line":41,"column":6},"end":{"line":43,"column":7}},"27":{"start":{"line":41,"column":19},"end":{"line":41,"column":20}},"28":{"start":{"line":42,"column":8},"end":{"line":42,"column":25}},"29":{"start":{"line":46,"column":4},"end":{"line":46,"column":22}},"30":{"start":{"line":50,"column":4},"end":{"line":50,"column":81}},"31":{"start":{"line":13,"column":0},"end":{"line":13,"column":13}},"32":{"start":{"line":55,"column":2},"end":{"line":57,"column":3}},"33":{"start":{"line":56,"column":4},"end":{"line":56,"column":48}},"34":{"start":{"line":58,"column":2},"end":{"line":60,"column":3}},"35":{"start":{"line":59,"column":4},"end":{"line":59,"column":49}},"36":{"start":{"line":61,"column":2},"end":{"line":63,"column":3}},"37":{"start":{"line":62,"column":4},"end":{"line":62,"column":21}},"38":{"start":{"line":64,"column":2},"end":{"line":64,"column":17}},"39":{"start":{"line":68,"column":2},"end":{"line":70,"column":3}},"40":{"start":{"line":69,"column":4},"end":{"line":69,"column":19}},"41":{"start":{"line":71,"column":2},"end":{"line":73,"column":3}},"42":{"start":{"line":72,"column":4},"end":{"line":72,"column":20}},"43":{"start":{"line":74,"column":2},"end":{"line":74,"column":17}}},"fnMap":{"0":{"name":"(anonymous_0)","decl":{"start":{"line":13,"column":0},"end":{"line":13,"column":13}},"loc":{"start":{"line":13,"column":0},"end":{"line":52,"column":1}}},"1":{"name":"(anonymous_1)","decl":{"start":{"line":17,"column":2},"end":{"line":17,"column":7}},"loc":{"start":{"line":17,"column":41},"end":{"line":47,"column":3}}},"2":{"name":"(anonymous_2)","decl":{"start":{"line":21,"column":18},"end":{"line":21,"column":19}},"loc":{"start":{"line":21,"column":34},"end":{"line":44,"column":5}}},"3":{"name":"(anonymous_3)","decl":{"start":{"line":34,"column":45},"end":{"line":34,"column":46}},"loc":{"start":{"line":34,"column":50},"end":{"line":34,"column":65}}},"4":{"name":"(anonymous_4)","decl":{"start":{"line":35,"column":43},"end":{"line":35,"column":44}},"loc":{"start":{"line":35,"column":48},"end":{"line":35,"column":62}}},"5":{"name":"(anonymous_5)","decl":{"start":{"line":49,"column":10},"end":{"line":49,"column":21}},"loc":{"start":{"line":49,"column":65},"end":{"line":51,"column":3}}},"6":{"name":"resolveBlockType","decl":{"start":{"line":54,"column":9},"end":{"line":54,"column":25}},"loc":{"start":{"line":54,"column":91},"end":{"line":65,"column":1}}},"7":{"name":"classifyLineType","decl":{"start":{"line":67,"column":9},"end":{"line":67,"column":25}},"loc":{"start":{"line":67,"column":38},"end":{"line":75,"column":1}}}},"branchMap":{"0":{"loc":{"start":{"line":23,"column":21},"end":{"line":23,"column":48}},"type":"binary-expr","locations":[{"start":{"line":23,"column":21},"end":{"line":23,"column":42}},{"start":{"line":23,"column":46},"end":{"line":23,"column":48}}]},"1":{"loc":{"start":{"line":24,"column":22},"end":{"line":24,"column":49}},"type":"binary-expr","locations":[{"start":{"line":24,"column":22},"end":{"line":24,"column":43}},{"start":{"line":24,"column":47},"end":{"line":24,"column":49}}]},"2":{"loc":{"start":{"line":26,"column":32},"end":{"line":26,"column":73}},"type":"binary-expr","locations":[{"start":{"line":26,"column":32},"end":{"line":26,"column":67}},{"start":{"line":26,"column":71},"end":{"line":26,"column":73}}]},"3":{"loc":{"start":{"line":37,"column":6},"end":{"line":39,"column":7}},"type":"if","locations":[{"start":{"line":37,"column":6},"end":{"line":39,"column":7}}]},"4":{"loc":{"start":{"line":37,"column":10},"end":{"line":37,"column":89}},"type":"binary-expr","locations":[{"start":{"line":37,"column":10},"end":{"line":37,"column":22}},{"start":{"line":37,"column":26},"end":{"line":37,"column":53}},{"start":{"line":37,"column":57},"end":{"line":37,"column":89}}]},"5":{"loc":{"start":{"line":55,"column":2},"end":{"line":57,"column":3}},"type":"if","locations":[{"start":{"line":55,"column":2},"end":{"line":57,"column":3}}]},"6":{"loc":{"start":{"line":56,"column":11},"end":{"line":56,"column":47}},"type":"cond-expr","locations":[{"start":{"line":56,"column":30},"end":{"line":56,"column":37}},{"start":{"line":56,"column":40},"end":{"line":56,"column":47}}]},"7":{"loc":{"start":{"line":58,"column":2},"end":{"line":60,"column":3}},"type":"if","locations":[{"start":{"line":58,"column":2},"end":{"line":60,"column":3}}]},"8":{"loc":{"start":{"line":59,"column":11},"end":{"line":59,"column":48}},"type":"cond-expr","locations":[{"start":{"line":59,"column":30},"end":{"line":59,"column":38}},{"start":{"line":59,"column":41},"end":{"line":59,"column":48}}]},"9":{"loc":{"start":{"line":61,"column":2},"end":{"line":63,"column":3}},"type":"if","locations":[{"start":{"line":61,"column":2},"end":{"line":63,"column":3}}]},"10":{"loc":{"start":{"line":68,"column":2},"end":{"line":70,"column":3}},"type":"if","locations":[{"start":{"line":68,"column":2},"end":{"line":70,"column":3}}]},"11":{"loc":{"start":{"line":71,"column":2},"end":{"line":73,"column":3}},"type":"if","locations":[{"start":{"line":71,"column":2},"end":{"line":73,"column":3}}]}},"s":{"0":2,"1":2,"2":2,"3":2,"4":2,"5":2,"6":2,"7":2,"8":8,"9":8,"10":8,"11":63,"12":63,"13":63,"14":63,"15":63,"16":63,"17":63,"18":26,"19":26,"20":63,"21":141,"22":63,"23":105,"24":63,"25":3,"26":63,"27":63,"28":26,"29":8,"30":3,"31":2,"32":26,"33":8,"34":18,"35":8,"36":10,"37":9,"38":1,"39":63,"40":8,"41":55,"42":8,"43":47},"f":{"0":2,"1":8,"2":63,"3":141,"4":105,"5":3,"6":26,"7":63},"b":{"0":[63,37],"1":[63,37],"2":[63,54],"3":[3],"4":[63,42,9],"5":[8],"6":[8,0],"7":[8],"8":[8,0],"9":[9],"10":[8],"11":[8]}}
,"/Users/giyoung/Desktop/code/woowacourse-java-quality/src/analyzer/rules/InstanceVariablesRule.ts": {"path":"/Users/giyoung/Desktop/code/woowacourse-java-quality/src/analyzer/rules/InstanceVariablesRule.ts","statementMap":{"0":{"start":{"line":4,"column":26},"end":{"line":4,"column":27}},"1":{"start":{"line":5,"column":19},"end":{"line":5,"column":88}},"2":{"start":{"line":6,"column":23},"end":{"line":6,"column":92}},"3":{"start":{"line":7,"column":21},"end":{"line":7,"column":65}},"4":{"start":{"line":17,"column":11},"end":{"line":17,"column":41}},"5":{"start":{"line":18,"column":11},"end":{"line":18,"column":60}},"6":{"start":{"line":21,"column":36},"end":{"line":21,"column":38}},"7":{"start":{"line":22,"column":37},"end":{"line":22,"column":39}},"8":{"start":{"line":24,"column":4},"end":{"line":49,"column":7}},"9":{"start":{"line":25,"column":25},"end":{"line":25,"column":46}},"10":{"start":{"line":26,"column":6},"end":{"line":28,"column":7}},"11":{"start":{"line":27,"column":8},"end":{"line":27,"column":108}},"12":{"start":{"line":30,"column":6},"end":{"line":32,"column":7}},"13":{"start":{"line":31,"column":8},"end":{"line":31,"column":15}},"14":{"start":{"line":34,"column":20},"end":{"line":34,"column":53}},"15":{"start":{"line":35,"column":6},"end":{"line":35,"column":59}},"16":{"start":{"line":36,"column":6},"end":{"line":36,"column":59}},"17":{"start":{"line":38,"column":31},"end":{"line":38,"column":110}},"18":{"start":{"line":39,"column":6},"end":{"line":41,"column":7}},"19":{"start":{"line":40,"column":8},"end":{"line":40,"column":33}},"20":{"start":{"line":43,"column":6},"end":{"line":48,"column":7}},"21":{"start":{"line":44,"column":8},"end":{"line":46,"column":9}},"22":{"start":{"line":45,"column":10},"end":{"line":45,"column":86}},"23":{"start":{"line":47,"column":8},"end":{"line":47,"column":25}},"24":{"start":{"line":51,"column":4},"end":{"line":51,"column":22}},"25":{"start":{"line":55,"column":4},"end":{"line":55,"column":81}},"26":{"start":{"line":16,"column":0},"end":{"line":16,"column":13}}},"fnMap":{"0":{"name":"(anonymous_0)","decl":{"start":{"line":16,"column":0},"end":{"line":16,"column":13}},"loc":{"start":{"line":16,"column":0},"end":{"line":57,"column":1}}},"1":{"name":"(anonymous_1)","decl":{"start":{"line":20,"column":2},"end":{"line":20,"column":7}},"loc":{"start":{"line":20,"column":41},"end":{"line":52,"column":3}}},"2":{"name":"(anonymous_2)","decl":{"start":{"line":24,"column":18},"end":{"line":24,"column":19}},"loc":{"start":{"line":24,"column":34},"end":{"line":49,"column":5}}},"3":{"name":"(anonymous_3)","decl":{"start":{"line":54,"column":10},"end":{"line":54,"column":21}},"loc":{"start":{"line":54,"column":65},"end":{"line":56,"column":3}}}},"branchMap":{"0":{"loc":{"start":{"line":26,"column":6},"end":{"line":28,"column":7}},"type":"if","locations":[{"start":{"line":26,"column":6},"end":{"line":28,"column":7}}]},"1":{"loc":{"start":{"line":30,"column":6},"end":{"line":32,"column":7}},"type":"if","locations":[{"start":{"line":30,"column":6},"end":{"line":32,"column":7}}]},"2":{"loc":{"start":{"line":35,"column":27},"end":{"line":35,"column":50}},"type":"binary-expr","locations":[{"start":{"line":35,"column":27},"end":{"line":35,"column":44}},{"start":{"line":35,"column":48},"end":{"line":35,"column":50}}]},"3":{"loc":{"start":{"line":36,"column":27},"end":{"line":36,"column":50}},"type":"binary-expr","locations":[{"start":{"line":36,"column":27},"end":{"line":36,"column":44}},{"start":{"line":36,"column":48},"end":{"line":36,"column":50}}]},"4":{"loc":{"start":{"line":38,"column":31},"end":{"line":38,"column":110}},"type":"binary-expr","locations":[{"start":{"line":38,"column":31},"end":{"line":38,"column":53}},{"start":{"line":38,"column":57},"end":{"line":38,"column":82}},{"start":{"line":38,"column":86},"end":{"line":38,"column":110}}]},"5":{"loc":{"start":{"line":39,"column":6},"end":{"line":41,"column":7}},"type":"if","locations":[{"start":{"line":39,"column":6},"end":{"line":41,"column":7}}]},"6":{"loc":{"start":{"line":43,"column":6},"end":{"line":48,"column":7}},"type":"if","locations":[{"start":{"line":43,"column":6},"end":{"line":48,"column":7}}]},"7":{"loc":{"start":{"line":44,"column":8},"end":{"line":46,"column":9}},"type":"if","locations":[{"start":{"line":44,"column":8},"end":{"line":46,"column":9}}]}},"s":{"0":2,"1":2,"2":2,"3":2,"4":2,"5":2,"6":9,"7":9,"8":9,"9":57,"10":57,"11":11,"12":57,"13":0,"14":57,"15":57,"16":57,"17":57,"18":57,"19":19,"20":57,"21":11,"22":4,"23":11,"24":9,"25":4,"26":2},"f":{"0":2,"1":9,"2":57,"3":4},"b":{"0":[11],"1":[0],"2":[57,41],"3":[57,41],"4":[57,38,19],"5":[19],"6":[11],"7":[4]}}
,"/Users/giyoung/Desktop/code/woowacourse-java-quality/src/analyzer/rules/MethodLengthRule.ts": {"path":"/Users/giyoung/Desktop/code/woowacourse-java-quality/src/analyzer/rules/MethodLengthRule.ts","statementMap":{"0":{"start":{"line":3,"column":0},"end":{"line":3,"column":54}},"1":{"start":{"line":5,"column":25},"end":{"line":5,"column":27}},"2":{"start":{"line":6,"column":31},"end":{"line":6,"column":96}},"3":{"start":{"line":7,"column":29},"end":{"line":7,"column":61}},"4":{"start":{"line":10,"column":11},"end":{"line":10,"column":36}},"5":{"start":{"line":11,"column":11},"end":{"line":11,"column":58}},"6":{"start":{"line":14,"column":36},"end":{"line":14,"column":38}},"7":{"start":{"line":15,"column":26},"end":{"line":15,"column":28}},"8":{"start":{"line":16,"column":21},"end":{"line":16,"column":22}},"9":{"start":{"line":17,"column":26},"end":{"line":17,"column":27}},"10":{"start":{"line":18,"column":23},"end":{"line":18,"column":28}},"11":{"start":{"line":19,"column":29},"end":{"line":19,"column":34}},"12":{"start":{"line":21,"column":4},"end":{"line":51,"column":7}},"13":{"start":{"line":22,"column":23},"end":{"line":22,"column":52}},"14":{"start":{"line":24,"column":6},"end":{"line":28,"column":7}},"15":{"start":{"line":25,"column":8},"end":{"line":25,"column":34}},"16":{"start":{"line":26,"column":8},"end":{"line":26,"column":36}},"17":{"start":{"line":27,"column":8},"end":{"line":27,"column":28}},"18":{"start":{"line":30,"column":6},"end":{"line":35,"column":7}},"19":{"start":{"line":31,"column":8},"end":{"line":31,"column":35}},"20":{"start":{"line":32,"column":8},"end":{"line":32,"column":28}},"21":{"start":{"line":33,"column":8},"end":{"line":33,"column":23}},"22":{"start":{"line":34,"column":8},"end":{"line":34,"column":15}},"23":{"start":{"line":37,"column":6},"end":{"line":39,"column":7}},"24":{"start":{"line":38,"column":8},"end":{"line":38,"column":15}},"25":{"start":{"line":41,"column":6},"end":{"line":41,"column":76}},"26":{"start":{"line":42,"column":6},"end":{"line":44,"column":7}},"27":{"start":{"line":43,"column":8},"end":{"line":43,"column":26}},"28":{"start":{"line":45,"column":6},"end":{"line":50,"column":7}},"29":{"start":{"line":46,"column":8},"end":{"line":48,"column":9}},"30":{"start":{"line":47,"column":10},"end":{"line":47,"column":106}},"31":{"start":{"line":49,"column":8},"end":{"line":49,"column":29}},"32":{"start":{"line":53,"column":4},"end":{"line":53,"column":22}},"33":{"start":{"line":57,"column":4},"end":{"line":57,"column":81}},"34":{"start":{"line":9,"column":0},"end":{"line":9,"column":13}},"35":{"start":{"line":62,"column":18},"end":{"line":62,"column":47}},"36":{"start":{"line":63,"column":2},"end":{"line":63,"column":44}}},"fnMap":{"0":{"name":"(anonymous_0)","decl":{"start":{"line":9,"column":0},"end":{"line":9,"column":13}},"loc":{"start":{"line":9,"column":0},"end":{"line":59,"column":1}}},"1":{"name":"(anonymous_1)","decl":{"start":{"line":13,"column":2},"end":{"line":13,"column":7}},"loc":{"start":{"line":13,"column":41},"end":{"line":54,"column":3}}},"2":{"name":"(anonymous_2)","decl":{"start":{"line":21,"column":18},"end":{"line":21,"column":19}},"loc":{"start":{"line":21,"column":34},"end":{"line":51,"column":5}}},"3":{"name":"(anonymous_3)","decl":{"start":{"line":56,"column":10},"end":{"line":56,"column":21}},"loc":{"start":{"line":56,"column":65},"end":{"line":58,"column":3}}},"4":{"name":"countBraces","decl":{"start":{"line":61,"column":9},"end":{"line":61,"column":20}},"loc":{"start":{"line":61,"column":51},"end":{"line":64,"column":1}}}},"branchMap":{"0":{"loc":{"start":{"line":24,"column":6},"end":{"line":28,"column":7}},"type":"if","locations":[{"start":{"line":24,"column":6},"end":{"line":28,"column":7}}]},"1":{"loc":{"start":{"line":24,"column":10},"end":{"line":24,"column":83}},"type":"binary-expr","locations":[{"start":{"line":24,"column":10},"end":{"line":24,"column":23}},{"start":{"line":24,"column":27},"end":{"line":24,"column":46}},{"start":{"line":24,"column":50},"end":{"line":24,"column":83}}]},"2":{"loc":{"start":{"line":30,"column":6},"end":{"line":35,"column":7}},"type":"if","locations":[{"start":{"line":30,"column":6},"end":{"line":35,"column":7}}]},"3":{"loc":{"start":{"line":30,"column":10},"end":{"line":30,"column":67}},"type":"binary-expr","locations":[{"start":{"line":30,"column":10},"end":{"line":30,"column":28}},{"start":{"line":30,"column":32},"end":{"line":30,"column":67}}]},"4":{"loc":{"start":{"line":37,"column":6},"end":{"line":39,"column":7}},"type":"if","locations":[{"start":{"line":37,"column":6},"end":{"line":39,"column":7}}]},"5":{"loc":{"start":{"line":42,"column":6},"end":{"line":44,"column":7}},"type":"if","locations":[{"start":{"line":42,"column":6},"end":{"line":44,"column":7}}]},"6":{"loc":{"start":{"line":45,"column":6},"end":{"line":50,"column":7}},"type":"if","locations":[{"start":{"line":45,"column":6},"end":{"line":50,"column":7}}]},"7":{"loc":{"start":{"line":46,"column":8},"end":{"line":48,"column":9}},"type":"if","locations":[{"start":{"line":46,"column":8},"end":{"line":48,"column":9}}]},"8":{"loc":{"start":{"line":62,"column":18},"end":{"line":62,"column":47}},"type":"cond-expr","locations":[{"start":{"line":62,"column":34},"end":{"line":62,"column":39}},{"start":{"line":62,"column":42},"end":{"line":62,"column":47}}]},"9":{"loc":{"start":{"line":63,"column":10},"end":{"line":63,"column":35}},"type":"binary-expr","locations":[{"start":{"line":63,"column":10},"end":{"line":63,"column":29}},{"start":{"line":63,"column":33},"end":{"line":63,"column":35}}]}},"s":{"0":2,"1":2,"2":2,"3":2,"4":2,"5":2,"6":11,"7":11,"8":11,"9":11,"10":11,"11":11,"12":11,"13":144,"14":144,"15":12,"16":12,"17":12,"18":144,"19":12,"20":12,"21":12,"22":12,"23":132,"24":28,"25":104,"26":104,"27":92,"28":104,"29":12,"30":6,"31":12,"32":11,"33":6,"34":2,"35":208,"36":208},"f":{"0":2,"1":11,"2":144,"3":6,"4":208},"b":{"0":[12],"1":[144,40,38],"2":[12],"3":[144,14],"4":[28],"5":[92],"6":[12],"7":[6],"8":[104,104],"9":[208,192]}}
,"/Users/giyoung/Desktop/code/woowacourse-java-quality/src/analyzer/rules/PrimitiveWrappingRule.ts": {"path":"/Users/giyoung/Desktop/code/woowacourse-java-quality/src/analyzer/rules/PrimitiveWrappingRule.ts","statementMap":{"0":{"start":{"line":4,"column":24},"end":{"line":4,"column":104}},"1":{"start":{"line":5,"column":31},"end":{"line":6,"column":null}},"2":{"start":{"line":10,"column":11},"end":{"line":10,"column":41}},"3":{"start":{"line":11,"column":11},"end":{"line":11,"column":38}},"4":{"start":{"line":14,"column":4},"end":{"line":19,"column":7}},"5":{"start":{"line":15,"column":6},"end":{"line":17,"column":7}},"6":{"start":{"line":16,"column":8},"end":{"line":16,"column":68}},"7":{"start":{"line":18,"column":6},"end":{"line":18,"column":16}},"8":{"start":{"line":23,"column":4},"end":{"line":23,"column":81}},"9":{"start":{"line":9,"column":0},"end":{"line":9,"column":13}}},"fnMap":{"0":{"name":"(anonymous_0)","decl":{"start":{"line":9,"column":0},"end":{"line":9,"column":13}},"loc":{"start":{"line":9,"column":0},"end":{"line":25,"column":1}}},"1":{"name":"(anonymous_1)","decl":{"start":{"line":13,"column":2},"end":{"line":13,"column":7}},"loc":{"start":{"line":13,"column":41},"end":{"line":20,"column":3}}},"2":{"name":"(anonymous_2)","decl":{"start":{"line":14,"column":25},"end":{"line":14,"column":26}},"loc":{"start":{"line":14,"column":41},"end":{"line":19,"column":5}}},"3":{"name":"(anonymous_3)","decl":{"start":{"line":22,"column":10},"end":{"line":22,"column":21}},"loc":{"start":{"line":22,"column":65},"end":{"line":24,"column":3}}}},"branchMap":{"0":{"loc":{"start":{"line":15,"column":6},"end":{"line":17,"column":7}},"type":"if","locations":[{"start":{"line":15,"column":6},"end":{"line":17,"column":7}}]},"1":{"loc":{"start":{"line":15,"column":10},"end":{"line":15,"column":71}},"type":"binary-expr","locations":[{"start":{"line":15,"column":10},"end":{"line":15,"column":43}},{"start":{"line":15,"column":47},"end":{"line":15,"column":71}}]}},"s":{"0":2,"1":2,"2":2,"3":2,"4":10,"5":46,"6":4,"7":42,"8":4,"9":2},"f":{"0":2,"1":10,"2":46,"3":4},"b":{"0":[4],"1":[46,4]}}
,"/Users/giyoung/Desktop/code/woowacourse-java-quality/src/analyzer/rules/SwitchCaseRule.ts": {"path":"/Users/giyoung/Desktop/code/woowacourse-java-quality/src/analyzer/rules/SwitchCaseRule.ts","statementMap":{"0":{"start":{"line":3,"column":0},"end":{"line":3,"column":54}},"1":{"start":{"line":6,"column":11},"end":{"line":6,"column":34}},"2":{"start":{"line":7,"column":11},"end":{"line":7,"column":42}},"3":{"start":{"line":10,"column":4},"end":{"line":16,"column":7}},"4":{"start":{"line":11,"column":23},"end":{"line":11,"column":52}},"5":{"start":{"line":12,"column":6},"end":{"line":14,"column":7}},"6":{"start":{"line":13,"column":8},"end":{"line":13,"column":68}},"7":{"start":{"line":15,"column":6},"end":{"line":15,"column":16}},"8":{"start":{"line":20,"column":4},"end":{"line":20,"column":81}},"9":{"start":{"line":5,"column":0},"end":{"line":5,"column":13}}},"fnMap":{"0":{"name":"(anonymous_0)","decl":{"start":{"line":5,"column":0},"end":{"line":5,"column":13}},"loc":{"start":{"line":5,"column":0},"end":{"line":22,"column":1}}},"1":{"name":"(anonymous_1)","decl":{"start":{"line":9,"column":2},"end":{"line":9,"column":7}},"loc":{"start":{"line":9,"column":41},"end":{"line":17,"column":3}}},"2":{"name":"(anonymous_2)","decl":{"start":{"line":10,"column":25},"end":{"line":10,"column":26}},"loc":{"start":{"line":10,"column":41},"end":{"line":16,"column":5}}},"3":{"name":"(anonymous_3)","decl":{"start":{"line":19,"column":10},"end":{"line":19,"column":21}},"loc":{"start":{"line":19,"column":65},"end":{"line":21,"column":3}}}},"branchMap":{"0":{"loc":{"start":{"line":12,"column":6},"end":{"line":14,"column":7}},"type":"if","locations":[{"start":{"line":12,"column":6},"end":{"line":14,"column":7}}]},"1":{"loc":{"start":{"line":12,"column":10},"end":{"line":12,"column":66}},"type":"binary-expr","locations":[{"start":{"line":12,"column":10},"end":{"line":12,"column":37}},{"start":{"line":12,"column":41},"end":{"line":12,"column":66}}]}},"s":{"0":2,"1":2,"2":2,"3":8,"4":29,"5":29,"6":2,"7":27,"8":2,"9":2},"f":{"0":2,"1":8,"2":29,"3":2},"b":{"0":[2],"1":[29,28]}}
,"/Users/giyoung/Desktop/code/woowacourse-java-quality/src/analyzer/rules/TernaryOperatorRule.ts": {"path":"/Users/giyoung/Desktop/code/woowacourse-java-quality/src/analyzer/rules/TernaryOperatorRule.ts","statementMap":{"0":{"start":{"line":3,"column":0},"end":{"line":3,"column":54}},"1":{"start":{"line":6,"column":11},"end":{"line":6,"column":39}},"2":{"start":{"line":7,"column":11},"end":{"line":7,"column":37}},"3":{"start":{"line":10,"column":4},"end":{"line":16,"column":7}},"4":{"start":{"line":11,"column":23},"end":{"line":11,"column":52}},"5":{"start":{"line":12,"column":6},"end":{"line":14,"column":7}},"6":{"start":{"line":13,"column":8},"end":{"line":13,"column":68}},"7":{"start":{"line":15,"column":6},"end":{"line":15,"column":16}},"8":{"start":{"line":20,"column":4},"end":{"line":20,"column":89}},"9":{"start":{"line":24,"column":4},"end":{"line":24,"column":81}},"10":{"start":{"line":5,"column":0},"end":{"line":5,"column":13}}},"fnMap":{"0":{"name":"(anonymous_0)","decl":{"start":{"line":5,"column":0},"end":{"line":5,"column":13}},"loc":{"start":{"line":5,"column":0},"end":{"line":26,"column":1}}},"1":{"name":"(anonymous_1)","decl":{"start":{"line":9,"column":2},"end":{"line":9,"column":7}},"loc":{"start":{"line":9,"column":41},"end":{"line":17,"column":3}}},"2":{"name":"(anonymous_2)","decl":{"start":{"line":10,"column":25},"end":{"line":10,"column":26}},"loc":{"start":{"line":10,"column":41},"end":{"line":16,"column":5}}},"3":{"name":"(anonymous_3)","decl":{"start":{"line":19,"column":10},"end":{"line":19,"column":28}},"loc":{"start":{"line":19,"column":41},"end":{"line":21,"column":3}}},"4":{"name":"(anonymous_4)","decl":{"start":{"line":23,"column":10},"end":{"line":23,"column":21}},"loc":{"start":{"line":23,"column":65},"end":{"line":25,"column":3}}}},"branchMap":{"0":{"loc":{"start":{"line":12,"column":6},"end":{"line":14,"column":7}},"type":"if","locations":[{"start":{"line":12,"column":6},"end":{"line":14,"column":7}}]},"1":{"loc":{"start":{"line":20,"column":11},"end":{"line":20,"column":88}},"type":"binary-expr","locations":[{"start":{"line":20,"column":11},"end":{"line":20,"column":44}},{"start":{"line":20,"column":48},"end":{"line":20,"column":88}}]}},"s":{"0":2,"1":2,"2":2,"3":11,"4":31,"5":31,"6":1,"7":30,"8":31,"9":1,"10":2},"f":{"0":2,"1":11,"2":31,"3":31,"4":1},"b":{"0":[1],"1":[31,1]}}
,"/Users/giyoung/Desktop/code/woowacourse-java-quality/src/analyzer/rules/UiSeparationRule.ts": {"path":"/Users/giyoung/Desktop/code/woowacourse-java-quality/src/analyzer/rules/UiSeparationRule.ts","statementMap":{"0":{"start":{"line":3,"column":0},"end":{"line":3,"column":54}},"1":{"start":{"line":4,"column":0},"end":{"line":4,"column":29}},"2":{"start":{"line":6,"column":27},"end":{"line":6,"column":75}},"3":{"start":{"line":9,"column":11},"end":{"line":9,"column":36}},"4":{"start":{"line":10,"column":11},"end":{"line":10,"column":45}},"5":{"start":{"line":13,"column":4},"end":{"line":15,"column":5}},"6":{"start":{"line":14,"column":6},"end":{"line":14,"column":16}},"7":{"start":{"line":16,"column":4},"end":{"line":22,"column":7}},"8":{"start":{"line":17,"column":23},"end":{"line":17,"column":52}},"9":{"start":{"line":18,"column":6},"end":{"line":20,"column":7}},"10":{"start":{"line":19,"column":8},"end":{"line":19,"column":68}},"11":{"start":{"line":21,"column":6},"end":{"line":21,"column":16}},"12":{"start":{"line":26,"column":4},"end":{"line":26,"column":81}},"13":{"start":{"line":8,"column":0},"end":{"line":8,"column":13}}},"fnMap":{"0":{"name":"(anonymous_9)","decl":{"start":{"line":8,"column":0},"end":{"line":8,"column":13}},"loc":{"start":{"line":8,"column":0},"end":{"line":28,"column":1}}},"1":{"name":"(anonymous_10)","decl":{"start":{"line":12,"column":2},"end":{"line":12,"column":7}},"loc":{"start":{"line":12,"column":41},"end":{"line":23,"column":3}}},"2":{"name":"(anonymous_11)","decl":{"start":{"line":16,"column":25},"end":{"line":16,"column":26}},"loc":{"start":{"line":16,"column":41},"end":{"line":22,"column":5}}},"3":{"name":"(anonymous_12)","decl":{"start":{"line":25,"column":10},"end":{"line":25,"column":21}},"loc":{"start":{"line":25,"column":65},"end":{"line":27,"column":3}}}},"branchMap":{"0":{"loc":{"start":{"line":13,"column":4},"end":{"line":15,"column":5}},"type":"if","locations":[{"start":{"line":13,"column":4},"end":{"line":15,"column":5}}]},"1":{"loc":{"start":{"line":18,"column":6},"end":{"line":20,"column":7}},"type":"if","locations":[{"start":{"line":18,"column":6},"end":{"line":20,"column":7}}]}},"s":{"0":2,"1":2,"2":2,"3":2,"4":2,"5":10,"6":3,"7":7,"8":26,"9":26,"10":2,"11":24,"12":2,"13":2},"f":{"0":2,"1":10,"2":26,"3":2},"b":{"0":[3],"1":[2]}}
,"/Users/giyoung/Desktop/code/woowacourse-java-quality/src/analyzer/rules/lineUtils.ts": {"path":"/Users/giyoung/Desktop/code/woowacourse-java-quality/src/analyzer/rules/lineUtils.ts","statementMap":{"0":{"start":{"line":5,"column":0},"end":{"line":5,"column":16}},"1":{"start":{"line":6,"column":2},"end":{"line":6,"column":82}},"2":{"start":{"line":10,"column":23},"end":{"line":10,"column":41}},"3":{"start":{"line":11,"column":2},"end":{"line":13,"column":3}},"4":{"start":{"line":12,"column":4},"end":{"line":12,"column":16}},"5":{"start":{"line":14,"column":2},"end":{"line":14,"column":41}},"6":{"start":{"line":18,"column":2},"end":{"line":18,"column":42}},"7":{"start":{"line":22,"column":2},"end":{"line":22,"column":50}},"8":{"start":{"line":29,"column":10},"end":{"line":29,"column":37}},"9":{"start":{"line":32,"column":20},"end":{"line":32,"column":31}},"10":{"start":{"line":33,"column":4},"end":{"line":38,"column":5}},"11":{"start":{"line":34,"column":6},"end":{"line":36,"column":7}},"12":{"start":{"line":35,"column":8},"end":{"line":35,"column":40}},"13":{"start":{"line":37,"column":6},"end":{"line":37,"column":18}},"14":{"start":{"line":39,"column":4},"end":{"line":44,"column":5}},"15":{"start":{"line":40,"column":6},"end":{"line":42,"column":7}},"16":{"start":{"line":41,"column":8},"end":{"line":41,"column":39}},"17":{"start":{"line":43,"column":6},"end":{"line":43,"column":18}},"18":{"start":{"line":45,"column":4},"end":{"line":45,"column":17}},"19":{"start":{"line":28,"column":0},"end":{"line":28,"column":13}}},"fnMap":{"0":{"name":"stripCommentsAndStrings","decl":{"start":{"line":5,"column":16},"end":{"line":5,"column":39}},"loc":{"start":{"line":5,"column":52},"end":{"line":7,"column":1}}},"1":{"name":"removeLineComment","decl":{"start":{"line":9,"column":9},"end":{"line":9,"column":26}},"loc":{"start":{"line":9,"column":39},"end":{"line":15,"column":1}}},"2":{"name":"removeInlineBlockComments","decl":{"start":{"line":17,"column":9},"end":{"line":17,"column":34}},"loc":{"start":{"line":17,"column":47},"end":{"line":19,"column":1}}},"3":{"name":"removeStringLiterals","decl":{"start":{"line":21,"column":9},"end":{"line":21,"column":29}},"loc":{"start":{"line":21,"column":42},"end":{"line":23,"column":1}}},"4":{"name":"(anonymous_4)","decl":{"start":{"line":28,"column":0},"end":{"line":28,"column":13}},"loc":{"start":{"line":28,"column":0},"end":{"line":47,"column":1}}},"5":{"name":"(anonymous_5)","decl":{"start":{"line":31,"column":2},"end":{"line":31,"column":11}},"loc":{"start":{"line":31,"column":24},"end":{"line":46,"column":3}}}},"branchMap":{"0":{"loc":{"start":{"line":11,"column":2},"end":{"line":13,"column":3}},"type":"if","locations":[{"start":{"line":11,"column":2},"end":{"line":13,"column":3}}]},"1":{"loc":{"start":{"line":33,"column":4},"end":{"line":38,"column":5}},"type":"if","locations":[{"start":{"line":33,"column":4},"end":{"line":38,"column":5}}]},"2":{"loc":{"start":{"line":34,"column":6},"end":{"line":36,"column":7}},"type":"if","locations":[{"start":{"line":34,"column":6},"end":{"line":36,"column":7}}]},"3":{"loc":{"start":{"line":39,"column":4},"end":{"line":44,"column":5}},"type":"if","locations":[{"start":{"line":39,"column":4},"end":{"line":44,"column":5}}]},"4":{"loc":{"start":{"line":40,"column":6},"end":{"line":42,"column":7}},"type":"if","locations":[{"start":{"line":40,"column":6},"end":{"line":42,"column":7}}]}},"s":{"0":10,"1":399,"2":399,"3":399,"4":392,"5":7,"6":399,"7":399,"8":3,"9":22,"10":22,"11":3,"12":1,"13":3,"14":19,"15":1,"16":1,"17":1,"18":18,"19":10},"f":{"0":399,"1":399,"2":399,"3":399,"4":3,"5":22},"b":{"0":[392],"1":[3],"2":[1],"3":[1],"4":[1]}}
}
