TN:
SF:src/analyzer/FileWalker.ts
FN:4,collectJavaFiles
FN:12,walkDirectory
FN:14,(anonymous_11)
FN:17,resolveEntry
FNF:4
FNH:4
FNDA:5,collectJavaFiles
FNDA:4,walkDirectory
FNDA:5,(anonymous_11)
FNDA:5,resolveEntry
DA:1,1
DA:2,1
DA:4,1
DA:5,5
DA:6,5
DA:7,2
DA:9,3
DA:13,4
DA:14,5
DA:18,5
DA:19,5
DA:20,1
DA:22,4
DA:23,2
DA:25,2
LF:15
LH:15
BRDA:6,0,0,2
BRDA:7,1,0,1
BRDA:7,1,1,1
BRDA:19,2,0,1
BRDA:22,3,0,2
BRDA:22,4,0,4
BRDA:22,4,1,4
BRF:7
BRH:7
end_of_record
TN:
SF:src/analyzer/JavaFileAnalyzer.ts
FN:29,analyzeFile
FN:32,(anonymous_10)
FN:36,filterBlockComments
FN:38,(anonymous_12)
FNF:4
FNH:4
FNDA:3,analyzeFile
FNDA:30,(anonymous_10)
FNDA:3,filterBlockComments
FNDA:22,(anonymous_12)
DA:1,1
DA:4,1
DA:5,1
DA:6,1
DA:7,1
DA:8,1
DA:9,1
DA:10,1
DA:11,1
DA:12,1
DA:13,1
DA:14,1
DA:16,1
DA:29,1
DA:30,3
DA:31,3
DA:32,30
DA:33,3
DA:37,3
DA:38,3
DA:39,22
DA:40,4
DA:42,18
LF:23
LH:23
BRDA:39,0,0,4
BRF:1
BRH:1
end_of_record
TN:
SF:src/analyzer/ReportGenerator.ts
FN:11,generateMarkdownReport
FN:20,buildHeader
FN:29,buildSummary
FN:41,countViolatedFiles
FN:42,(anonymous_4)
FN:45,buildViolationList
FN:46,(anonymous_6)
FN:54,buildFileBlock
FN:56,(anonymous_8)
FN:67,buildManualCheckSection
FN:68,(anonymous_10)
FN:72,escapeMarkdown
FNF:12
FNH:12
FNDA:6,generateMarkdownReport
FNDA:6,buildHeader
FNDA:6,buildSummary
FNDA:6,countViolatedFiles
FNDA:3,(anonymous_4)
FNDA:6,buildViolationList
FNDA:3,(anonymous_6)
FNDA:2,buildFileBlock
FNDA:2,(anonymous_8)
FNDA:6,buildManualCheckSection
FNDA:30,(anonymous_10)
FNDA:2,escapeMarkdown
DA:3,1
DA:11,1
DA:12,6
DA:13,6
DA:14,6
DA:15,6
DA:16,6
DA:17,6
DA:21,6
DA:30,6
DA:42,6
DA:46,6
DA:47,6
DA:48,4
DA:50,2
DA:51,2
DA:55,2
DA:56,2
DA:58,2
DA:68,30
DA:69,6
DA:73,2
LF:22
LH:22
BRDA:47,0,0,4
BRF:1
BRH:1
end_of_record
TN:
SF:src/analyzer/rules/ArrayUsageRule.ts
FN:5,(anonymous_0)
FN:9,(anonymous_1)
FN:10,(anonymous_2)
FN:19,(anonymous_3)
FN:24,isMainMethodSignature
FNF:5
FNH:5
FNDA:2,(anonymous_0)
FNDA:10,(anonymous_1)
FNDA:29,(anonymous_2)
FNDA:3,(anonymous_3)
FNDA:4,isMainMethodSignature
DA:3,2
DA:5,2
DA:6,2
DA:7,2
DA:10,10
DA:11,29
DA:12,29
DA:13,3
DA:15,26
DA:20,3
DA:25,4
LF:11
LH:11
BRDA:12,0,0,3
BRDA:12,1,0,29
BRDA:12,1,1,4
BRF:3
BRH:3
end_of_record
TN:
SF:src/analyzer/rules/DotsPerLineRule.ts
FN:5,(anonymous_0)
FN:9,(anonymous_1)
FN:10,(anonymous_2)
FN:23,(anonymous_3)
FN:28,countMethodChainDots
FNF:5
FNH:5
FNDA:1,(anonymous_0)
FNDA:7,(anonymous_1)
FNDA:7,(anonymous_2)
FNDA:1,(anonymous_3)
FNDA:6,countMethodChainDots
DA:3,1
DA:5,1
DA:6,1
DA:7,1
DA:10,7
DA:11,7
DA:12,1
DA:14,6
DA:15,6
DA:16,6
DA:17,1
DA:19,5
DA:24,1
DA:29,6
DA:30,6
DA:31,6
LF:16
LH:16
BRDA:11,0,0,1
BRDA:16,1,0,1
BRDA:30,2,0,6
BRDA:30,2,1,4
BRF:4
BRH:4
end_of_record
TN:
SF:src/analyzer/rules/ElseKeywordRule.ts
FN:5,(anonymous_0)
FN:9,(anonymous_1)
FN:10,(anonymous_2)
FN:19,(anonymous_3)
FNF:4
FNH:4
FNDA:2,(anonymous_0)
FNDA:9,(anonymous_1)
FNDA:41,(anonymous_2)
FNDA:5,(anonymous_3)
DA:3,2
DA:5,2
DA:6,2
DA:7,2
DA:10,9
DA:11,41
DA:12,41
DA:13,5
DA:15,36
DA:20,5
LF:10
LH:10
BRDA:12,0,0,5
BRF:1
BRH:1
end_of_record
TN:
SF:src/analyzer/rules/GetterSetterRule.ts
FN:5,(anonymous_0)
FN:9,(anonymous_1)
FN:10,(anonymous_2)
FN:19,(anonymous_3)
FNF:4
FNH:4
FNDA:2,(anonymous_0)
FNDA:9,(anonymous_1)
FNDA:30,(anonymous_2)
FNDA:2,(anonymous_3)
DA:3,2
DA:5,2
DA:6,2
DA:7,2
DA:10,9
DA:11,30
DA:12,30
DA:13,2
DA:15,28
DA:20,2
LF:10
LH:10
BRDA:12,0,0,2
BRF:1
BRH:1
end_of_record
TN:
SF:src/analyzer/rules/IndentDepthRule.ts
FN:13,(anonymous_0)
FN:17,(anonymous_1)
FN:21,(anonymous_2)
FN:34,(anonymous_3)
FN:35,(anonymous_4)
FN:49,(anonymous_5)
FN:54,resolveBlockType
FN:67,classifyLineType
FNF:8
FNH:8
FNDA:2,(anonymous_0)
FNDA:8,(anonymous_1)
FNDA:63,(anonymous_2)
FNDA:141,(anonymous_3)
FNDA:105,(anonymous_4)
FNDA:3,(anonymous_5)
FNDA:26,resolveBlockType
FNDA:63,classifyLineType
DA:3,2
DA:5,2
DA:6,2
DA:7,2
DA:8,2
DA:9,2
DA:13,2
DA:14,2
DA:15,2
DA:18,8
DA:19,8
DA:21,8
DA:22,63
DA:23,63
DA:24,63
DA:26,63
DA:27,63
DA:29,63
DA:30,26
DA:31,26
DA:34,141
DA:35,105
DA:37,63
DA:38,3
DA:41,63
DA:42,26
DA:46,8
DA:50,3
DA:55,26
DA:56,8
DA:58,18
DA:59,8
DA:61,10
DA:62,9
DA:64,1
DA:68,63
DA:69,8
DA:71,55
DA:72,8
DA:74,47
LF:40
LH:40
BRDA:23,0,0,63
BRDA:23,0,1,37
BRDA:24,1,0,63
BRDA:24,1,1,37
BRDA:26,2,0,63
BRDA:26,2,1,54
BRDA:37,3,0,3
BRDA:37,4,0,63
BRDA:37,4,1,42
BRDA:37,4,2,9
BRDA:55,5,0,8
BRDA:56,6,0,8
BRDA:56,6,1,0
BRDA:58,7,0,8
BRDA:59,8,0,8
BRDA:59,8,1,0
BRDA:61,9,0,9
BRDA:68,10,0,8
BRDA:71,11,0,8
BRF:19
BRH:17
end_of_record
TN:
SF:src/analyzer/rules/InstanceVariablesRule.ts
FN:16,(anonymous_0)
FN:20,(anonymous_1)
FN:24,(anonymous_2)
FN:54,(anonymous_3)
FNF:4
FNH:4
FNDA:2,(anonymous_0)
FNDA:9,(anonymous_1)
FNDA:57,(anonymous_2)
FNDA:4,(anonymous_3)
DA:4,2
DA:5,2
DA:6,2
DA:7,2
DA:16,2
DA:17,2
DA:18,2
DA:21,9
DA:22,9
DA:24,9
DA:25,57
DA:26,57
DA:27,11
DA:30,57
DA:31,0
DA:34,57
DA:35,57
DA:36,57
DA:38,57
DA:39,57
DA:40,19
DA:43,57
DA:44,11
DA:45,4
DA:47,11
DA:51,9
DA:55,4
LF:27
LH:26
BRDA:26,0,0,11
BRDA:30,1,0,0
BRDA:35,2,0,57
BRDA:35,2,1,41
BRDA:36,3,0,57
BRDA:36,3,1,41
BRDA:38,4,0,57
BRDA:38,4,1,38
BRDA:38,4,2,19
BRDA:39,5,0,19
BRDA:43,6,0,11
BRDA:44,7,0,4
BRF:12
BRH:11
end_of_record
TN:
SF:src/analyzer/rules/MethodLengthRule.ts
FN:9,(anonymous_0)
FN:13,(anonymous_1)
FN:21,(anonymous_2)
FN:56,(anonymous_3)
FN:61,countBraces
FNF:5
FNH:5
FNDA:2,(anonymous_0)
FNDA:11,(anonymous_1)
FNDA:144,(anonymous_2)
FNDA:6,(anonymous_3)
FNDA:208,countBraces
DA:3,2
DA:5,2
DA:6,2
DA:7,2
DA:9,2
DA:10,2
DA:11,2
DA:14,11
DA:15,11
DA:16,11
DA:17,11
DA:18,11
DA:19,11
DA:21,11
DA:22,144
DA:24,144
DA:25,12
DA:26,12
DA:27,12
DA:30,144
DA:31,12
DA:32,12
DA:33,12
DA:34,12
DA:37,132
DA:38,28
DA:41,104
DA:42,104
DA:43,92
DA:45,104
DA:46,12
DA:47,6
DA:49,12
DA:53,11
DA:57,6
DA:62,208
DA:63,208
LF:37
LH:37
BRDA:24,0,0,12
BRDA:24,1,0,144
BRDA:24,1,1,40
BRDA:24,1,2,38
BRDA:30,2,0,12
BRDA:30,3,0,144
BRDA:30,3,1,14
BRDA:37,4,0,28
BRDA:42,5,0,92
BRDA:45,6,0,12
BRDA:46,7,0,6
BRDA:62,8,0,104
BRDA:62,8,1,104
BRDA:63,9,0,208
BRDA:63,9,1,192
BRF:15
BRH:15
end_of_record
TN:
SF:src/analyzer/rules/PrimitiveWrappingRule.ts
FN:9,(anonymous_0)
FN:13,(anonymous_1)
FN:14,(anonymous_2)
FN:22,(anonymous_3)
FNF:4
FNH:4
FNDA:2,(anonymous_0)
FNDA:10,(anonymous_1)
FNDA:46,(anonymous_2)
FNDA:4,(anonymous_3)
DA:4,2
DA:5,2
DA:9,2
DA:10,2
DA:11,2
DA:14,10
DA:15,46
DA:16,4
DA:18,42
DA:23,4
LF:10
LH:10
BRDA:15,0,0,4
BRDA:15,1,0,46
BRDA:15,1,1,4
BRF:3
BRH:3
end_of_record
TN:
SF:src/analyzer/rules/SwitchCaseRule.ts
FN:5,(anonymous_0)
FN:9,(anonymous_1)
FN:10,(anonymous_2)
FN:19,(anonymous_3)
FNF:4
FNH:4
FNDA:2,(anonymous_0)
FNDA:8,(anonymous_1)
FNDA:29,(anonymous_2)
FNDA:2,(anonymous_3)
DA:3,2
DA:5,2
DA:6,2
DA:7,2
DA:10,8
DA:11,29
DA:12,29
DA:13,2
DA:15,27
DA:20,2
LF:10
LH:10
BRDA:12,0,0,2
BRDA:12,1,0,29
BRDA:12,1,1,28
BRF:3
BRH:3
end_of_record
TN:
SF:src/analyzer/rules/TernaryOperatorRule.ts
FN:5,(anonymous_0)
FN:9,(anonymous_1)
FN:10,(anonymous_2)
FN:19,(anonymous_3)
FN:23,(anonymous_4)
FNF:5
FNH:5
FNDA:2,(anonymous_0)
FNDA:11,(anonymous_1)
FNDA:31,(anonymous_2)
FNDA:31,(anonymous_3)
FNDA:1,(anonymous_4)
DA:3,2
DA:5,2
DA:6,2
DA:7,2
DA:10,11
DA:11,31
DA:12,31
DA:13,1
DA:15,30
DA:20,31
DA:24,1
LF:11
LH:11
BRDA:12,0,0,1
BRDA:20,1,0,31
BRDA:20,1,1,1
BRF:3
BRH:3
end_of_record
TN:
SF:src/analyzer/rules/UiSeparationRule.ts
FN:8,(anonymous_9)
FN:12,(anonymous_10)
FN:16,(anonymous_11)
FN:25,(anonymous_12)
FNF:4
FNH:4
FNDA:2,(anonymous_9)
FNDA:10,(anonymous_10)
FNDA:26,(anonymous_11)
FNDA:2,(anonymous_12)
DA:3,2
DA:4,2
DA:6,2
DA:8,2
DA:9,2
DA:10,2
DA:13,10
DA:14,3
DA:16,7
DA:17,26
DA:18,26
DA:19,2
DA:21,24
DA:26,2
LF:14
LH:14
BRDA:13,0,0,3
BRDA:18,1,0,2
BRF:2
BRH:2
end_of_record
TN:
SF:src/analyzer/rules/lineUtils.ts
FN:5,stripCommentsAndStrings
FN:9,removeLineComment
FN:17,removeInlineBlockComments
FN:21,removeStringLiterals
FN:28,(anonymous_4)
FN:31,(anonymous_5)
FNF:6
FNH:6
FNDA:399,stripCommentsAndStrings
FNDA:399,removeLineComment
FNDA:399,removeInlineBlockComments
FNDA:399,removeStringLiterals
FNDA:3,(anonymous_4)
FNDA:22,(anonymous_5)
DA:5,10
DA:6,399
DA:10,399
DA:11,399
DA:12,392
DA:14,7
DA:18,399
DA:22,399
DA:28,10
DA:29,3
DA:32,22
DA:33,22
DA:34,3
DA:35,1
DA:37,3
DA:39,19
DA:40,1
DA:41,1
DA:43,1
DA:45,18
LF:20
LH:20
BRDA:11,0,0,392
BRDA:33,1,0,3
BRDA:34,2,0,1
BRDA:39,3,0,1
BRDA:40,4,0,1
BRF:5
BRH:5
end_of_record
